[    0.000000] Initializing cgroup subsys cpuset
[    0.000000] Initializing cgroup subsys cpu
[    0.000000] Initializing cgroup subsys cpuacct
[    0.000000] Linux version 4.4.0-210-generic (buildd@lgw01-amd64-009) (gcc version 5.4.0 20160609 (Ubuntu 5.4.0-6ubuntu1~16.04.12) ) #242-Ubuntu SMP Fri Apr 16 09:57:56 UTC 2021 (Ubuntu 4.4.0-210.242-generic 4.4.262)
[    0.000000] Command line: BOOT_IMAGE=/boot/vmlinuz-4.4.0-210-generic root=LABEL=cloudimg-rootfs ro console=tty1 console=ttyS0
[    0.000000] KERNEL supported cpus:
[    0.000000]   Intel GenuineIntel
[    0.000000]   AMD AuthenticAMD
[    0.000000]   Centaur CentaurHauls
[    0.000000] x86/fpu: xstate_offset[2]:  576, xstate_sizes[2]:  256
[    0.000000] x86/fpu: Supporting XSAVE feature 0x01: 'x87 floating point registers'
[    0.000000] x86/fpu: Supporting XSAVE feature 0x02: 'SSE registers'
[    0.000000] x86/fpu: Supporting XSAVE feature 0x04: 'AVX registers'
[    0.000000] x86/fpu: Enabled xstate features 0x7, context size is 832 bytes, using 'standard' format.
[    0.000000] e820: BIOS-provided physical RAM map:
[    0.000000] BIOS-e820: [mem 0x0000000000000000-0x000000000009fbff] usable
[    0.000000] BIOS-e820: [mem 0x000000000009fc00-0x000000000009ffff] reserved
[    0.000000] BIOS-e820: [mem 0x00000000000f0000-0x00000000000fffff] reserved
[    0.000000] BIOS-e820: [mem 0x0000000000100000-0x00000000dffeffff] usable
[    0.000000] BIOS-e820: [mem 0x00000000dfff0000-0x00000000dfffffff] ACPI data
[    0.000000] BIOS-e820: [mem 0x00000000fec00000-0x00000000fec00fff] reserved
[    0.000000] BIOS-e820: [mem 0x00000000fee00000-0x00000000fee00fff] reserved
[    0.000000] BIOS-e820: [mem 0x00000000fffc0000-0x00000000ffffffff] reserved
[    0.000000] BIOS-e820: [mem 0x0000000100000000-0x000000011fffffff] usable
[    0.000000] NX (Execute Disable) protection: active
[    0.000000] SMBIOS 2.5 present.
[    0.000000] Hypervisor detected: KVM
[    0.000000] e820: last_pfn = 0x120000 max_arch_pfn = 0x400000000
[    0.000000] x86/PAT: Configuration [0-7]: WB  WC  UC- UC  WB  WC  UC- WT  
[    0.000000] total RAM covered: 4096M
[    0.000000] Found optimal setting for mtrr clean up
[    0.000000]  gran_size: 64K 	chunk_size: 1G 	num_reg: 3  	lose cover RAM: 0G
[    0.000000] e820: last_pfn = 0xdfff0 max_arch_pfn = 0x400000000
[    0.000000] found SMP MP-table at [mem 0x0009fbf0-0x0009fbff] mapped at [ffff88000009fbf0]
[    0.000000] Scanning 1 areas for low memory corruption
[    0.000000] RAMDISK: [mem 0x362dc000-0x37165fff]
[    0.000000] ACPI: Early table checksum verification disabled
[    0.000000] ACPI: RSDP 0x00000000000E0000 000024 (v02 VBOX  )
[    0.000000] ACPI: XSDT 0x00000000DFFF0030 00003C (v01 VBOX   VBOXXSDT 00000001 ASL  00000061)
[    0.000000] ACPI: FACP 0x00000000DFFF00F0 0000F4 (v04 VBOX   VBOXFACP 00000001 ASL  00000061)
[    0.000000] ACPI: DSDT 0x00000000DFFF0610 002353 (v02 VBOX   VBOXBIOS 00000002 INTL 20240927)
[    0.000000] ACPI: FACS 0x00000000DFFF0200 000040
[    0.000000] ACPI: FACS 0x00000000DFFF0200 000040
[    0.000000] ACPI: APIC 0x00000000DFFF0240 00005C (v02 VBOX   VBOXAPIC 00000001 ASL  00000061)
[    0.000000] ACPI: SSDT 0x00000000DFFF02A0 00036C (v01 VBOX   VBOXCPUT 00000002 INTL 20240927)
[    0.000000] No NUMA configuration found
[    0.000000] Faking a node at [mem 0x0000000000000000-0x000000011fffffff]
[    0.000000] NODE_DATA(0) allocated [mem 0x11fff7000-0x11fffbfff]
[    0.000000] kvm-clock: Using msrs 4b564d01 and 4b564d00
[    0.000000] kvm-clock: cpu 0, msr 1:1ffef001, primary cpu clock
[    0.000000] kvm-clock: using sched offset of 2801318209 cycles
[    0.000000] clocksource: kvm-clock: mask: 0xffffffffffffffff max_cycles: 0x1cd42e4dffb, max_idle_ns: 881590591483 ns
[    0.000000] Zone ranges:
[    0.000000]   DMA      [mem 0x0000000000001000-0x0000000000ffffff]
[    0.000000]   DMA32    [mem 0x0000000001000000-0x00000000ffffffff]
[    0.000000]   Normal   [mem 0x0000000100000000-0x000000011fffffff]
[    0.000000]   Device   empty
[    0.000000] Movable zone start for each node
[    0.000000] Early memory node ranges
[    0.000000]   node   0: [mem 0x0000000000001000-0x000000000009efff]
[    0.000000]   node   0: [mem 0x0000000000100000-0x00000000dffeffff]
[    0.000000]   node   0: [mem 0x0000000100000000-0x000000011fffffff]
[    0.000000] Initmem setup node 0 [mem 0x0000000000001000-0x000000011fffffff]
[    0.000000] ACPI: PM-Timer IO Port: 0x4008
[    0.000000] IOAPIC[0]: apic_id 2, version 32, address 0xfec00000, GSI 0-23
[    0.000000] ACPI: INT_SRC_OVR (bus 0 bus_irq 0 global_irq 2 dfl dfl)
[    0.000000] ACPI: INT_SRC_OVR (bus 0 bus_irq 9 global_irq 9 low level)
[    0.000000] Using ACPI (MADT) for SMP configuration information
[    0.000000] smpboot: Allowing 2 CPUs, 0 hotplug CPUs
[    0.000000] PM: Registered nosave memory: [mem 0x00000000-0x00000fff]
[    0.000000] PM: Registered nosave memory: [mem 0x0009f000-0x0009ffff]
[    0.000000] PM: Registered nosave memory: [mem 0x000a0000-0x000effff]
[    0.000000] PM: Registered nosave memory: [mem 0x000f0000-0x000fffff]
[    0.000000] PM: Registered nosave memory: [mem 0xdfff0000-0xdfffffff]
[    0.000000] PM: Registered nosave memory: [mem 0xe0000000-0xfebfffff]
[    0.000000] PM: Registered nosave memory: [mem 0xfec00000-0xfec00fff]
[    0.000000] PM: Registered nosave memory: [mem 0xfec01000-0xfedfffff]
[    0.000000] PM: Registered nosave memory: [mem 0xfee00000-0xfee00fff]
[    0.000000] PM: Registered nosave memory: [mem 0xfee01000-0xfffbffff]
[    0.000000] PM: Registered nosave memory: [mem 0xfffc0000-0xffffffff]
[    0.000000] e820: [mem 0xe0000000-0xfebfffff] available for PCI devices
[    0.000000] Booting paravirtualized kernel on KVM
[    0.000000] clocksource: refined-jiffies: mask: 0xffffffff max_cycles: 0xffffffff, max_idle_ns: 7645519600211568 ns
[    0.000000] setup_percpu: NR_CPUS:512 nr_cpumask_bits:512 nr_cpu_ids:2 nr_node_ids:1
[    0.000000] PERCPU: Embedded 33 pages/cpu @ffff88011fc00000 s95192 r8192 d31784 u1048576
[    0.000000] Built 1 zonelists in Node order, mobility grouping on.  Total pages: 1032056
[    0.000000] Policy zone: Normal
[    0.000000] Kernel command line: BOOT_IMAGE=/boot/vmlinuz-4.4.0-210-generic root=LABEL=cloudimg-rootfs ro console=tty1 console=ttyS0
[    0.000000] PID hash table entries: 4096 (order: 3, 32768 bytes)
[    0.000000] Memory: 4028304K/4193848K available (8644K kernel code, 1332K rwdata, 4044K rodata, 1492K init, 1164K bss, 165544K reserved, 0K cma-reserved)
[    0.000000] SLUB: HWalign=64, Order=0-3, MinObjects=0, CPUs=2, Nodes=1
[    0.000000] Kernel/User page tables isolation: enabled
[    0.000000] Hierarchical RCU implementation.
[    0.000000] 	Build-time adjustment of leaf fanout to 64.
[    0.000000] 	RCU restricting CPUs from NR_CPUS=512 to nr_cpu_ids=2.
[    0.000000] RCU: Adjusting geometry for rcu_fanout_leaf=64, nr_cpu_ids=2
[    0.000000] NR_IRQS:33024 nr_irqs:440 16
[    0.000000] Console: colour VGA+ 80x25
[    0.000000] console [tty1] enabled
[    0.000000] console [ttyS0] enabled
[    0.000000] tsc: Detected 3187.198 MHz processor
[    0.106574] Calibrating delay loop (skipped) preset value.. 6374.39 BogoMIPS (lpj=12748792)
[    0.107536] pid_max: default: 32768 minimum: 301
[    0.108053] ACPI: Core revision 20150930
[    0.108976] ACPI: 2 ACPI AML tables successfully acquired and loaded
[    0.109717] Security Framework initialized
[    0.110191] Yama: becoming mindful.
[    0.110630] AppArmor: AppArmor initialized
[    0.111414] Dentry cache hash table entries: 524288 (order: 10, 4194304 bytes)
[    0.112902] Inode-cache hash table entries: 262144 (order: 9, 2097152 bytes)
[    0.113715] Mount-cache hash table entries: 8192 (order: 4, 65536 bytes)
[    0.114386] Mountpoint-cache hash table entries: 8192 (order: 4, 65536 bytes)
[    0.115407] Initializing cgroup subsys io
[    0.115877] Initializing cgroup subsys memory
[    0.116370] Initializing cgroup subsys devices
[    0.116867] Initializing cgroup subsys freezer
[    0.117378] Initializing cgroup subsys net_cls
[    0.117876] Initializing cgroup subsys perf_event
[    0.118410] Initializing cgroup subsys net_prio
[    0.118913] Initializing cgroup subsys hugetlb
[    0.119411] Initializing cgroup subsys pids
[    0.122273] mce: CPU supports 0 MCE banks
[    0.122738] Last level iTLB entries: 4KB 0, 2MB 0, 4MB 0
[    0.123303] Last level dTLB entries: 4KB 0, 2MB 0, 4MB 0, 1GB 0
[    0.123951] Spectre V1 : Mitigation: usercopy/swapgs barriers and __user pointer sanitization
[    0.124894] Spectre V2 : Mitigation: Full generic retpoline
[    0.125486] Spectre V2 : Spectre v2 / SpectreRSB mitigation: Filling RSB on context switch
[    0.126409] Speculative Store Bypass: Vulnerable
[    0.126969] MDS: Mitigation: Clear CPU buffers
[    0.129038] Freeing SMP alternatives memory: 36K
[    0.132922] ftrace: allocating 32380 entries in 127 pages
[    0.164585] smpboot: APIC(0) Converting physical 0 to logical package 0
[    0.165190] smpboot: Max logical packages: 1
[    0.165748] x2apic enabled
[    0.166209] Switched APIC routing to physical x2apic.
[    0.167437] ..TIMER: vector=0x30 apic1=0 pin1=2 apic2=-1 pin2=-1
[    0.276014] smpboot: CPU0: Intel(R) Core(TM) i9-14900K (family: 0x6, model: 0xb7, stepping: 0x1)
[    0.277022] Performance Events: unsupported p6 CPU model 183 no PMU driver, software events only.
[    0.283392] KVM setup paravirtual spinlock
[    0.284045] x86: Booting SMP configuration:
[    0.284462] .... node  #0, CPUs:      #1
[    0.284889] kvm-clock: cpu 1, msr 1:1ffef041, secondary cpu clock
[    0.287613] mce: CPU supports 0 MCE banks
[    0.289881] x86: Booted up 1 node, 2 CPUs
[    0.290424] smpboot: Total of 2 processors activated (12748.79 BogoMIPS)
[    0.291310] devtmpfs: initialized
[    0.292254] evm: security.selinux
[    0.292606] evm: security.SMACK64
[    0.292957] evm: security.SMACK64EXEC
[    0.293330] evm: security.SMACK64TRANSMUTE
[    0.293734] evm: security.SMACK64MMAP
[    0.294116] evm: security.ima
[    0.294446] evm: security.capability
[    0.294869] clocksource: jiffies: mask: 0xffffffff max_cycles: 0xffffffff, max_idle_ns: 7645041785100000 ns
[    0.295748] futex hash table entries: 512 (order: 3, 32768 bytes)
[    0.296320] pinctrl core: initialized pinctrl subsystem
[    0.296842] RTC time:  2:17:32, date: 01/20/25
[    0.297351] NET: Registered protocol family 16
[    0.308027] cpuidle: using governor ladder
[    0.320012] cpuidle: using governor menu
[    0.320644] PCCT header not found.
[    0.321274] ACPI: bus type PCI registered
[    0.321950] acpiphp: ACPI Hot Plug PCI Controller Driver version: 0.5
[    0.322870] PCI: Using configuration type 1 for base access
[    0.337681] ACPI: Added _OSI(Module Device)
[    0.338820] ACPI: Added _OSI(Processor Device)
[    0.339879] ACPI: Added _OSI(3.0 _SCP Extensions)
[    0.340874] ACPI: Added _OSI(Processor Aggregator Device)
[    0.342472] ACPI: Executed 1 blocks of module-level executable AML code
[    0.344821] ACPI: Interpreter enabled
[    0.345368] ACPI: (supports S0 S5)
[    0.345872] ACPI: Using IOAPIC for interrupt routing
[    0.346539] PCI: Using host bridge windows from ACPI; if necessary, use "pci=nocrs" and report a bug
[    0.348974] ACPI: PCI Root Bridge [PCI0] (domain 0000 [bus 00-ff])
[    0.349503] acpi PNP0A03:00: _OSC: OS supports [ASPM ClockPM Segments MSI]
[    0.350193] acpi PNP0A03:00: _OSC: not requesting OS control; OS requires [ExtendedConfig ASPM ClockPM MSI]
[    0.351068] acpi PNP0A03:00: fail to add MMCONFIG information, can't access extended PCI configuration space under this bridge.
[    0.352160] PCI host bridge to bus 0000:00
[    0.358113] pci_bus 0000:00: root bus resource [io  0x0000-0x0cf7 window]
[    0.358732] pci_bus 0000:00: root bus resource [io  0x0d00-0xffff window]
[    0.359297] pci_bus 0000:00: root bus resource [mem 0x000a0000-0x000bffff window]
[    0.360024] pci_bus 0000:00: root bus resource [mem 0xe0000000-0xfdffffff window]
[    0.360762] pci_bus 0000:00: root bus resource [bus 00-ff]
[    0.361909] pci 0000:00:01.1: legacy IDE quirk: reg 0x10: [io  0x01f0-0x01f7]
[    0.362505] pci 0000:00:01.1: legacy IDE quirk: reg 0x14: [io  0x03f6]
[    0.363054] pci 0000:00:01.1: legacy IDE quirk: reg 0x18: [io  0x0170-0x0177]
[    0.363642] pci 0000:00:01.1: legacy IDE quirk: reg 0x1c: [io  0x0376]
[    0.376044] pci 0000:00:07.0: quirk: [io  0x4000-0x403f] claimed by PIIX4 ACPI
[    0.376786] pci 0000:00:07.0: quirk: [io  0x4100-0x410f] claimed by PIIX4 SMB
[    0.383670] ACPI: PCI Interrupt Link [LNKA] (IRQs 5 9 10 *11)
[    0.384459] ACPI: PCI Interrupt Link [LNKB] (IRQs 5 9 *10 11)
[    0.385179] ACPI: PCI Interrupt Link [LNKC] (IRQs 5 *9 10 11)
[    0.385894] ACPI: PCI Interrupt Link [LNKD] (IRQs 5 9 10 *11)
[    0.386622] ACPI: Enabled 2 GPEs in block 00 to 07
[    0.387233] vgaarb: setting as boot device: PCI:0000:00:02.0
[    0.387731] vgaarb: device added: PCI:0000:00:02.0,decodes=io+mem,owns=io+mem,locks=none
[    0.388500] vgaarb: loaded
[    0.388816] vgaarb: bridge control possible 0000:00:02.0
[    0.389394] SCSI subsystem initialized
[    0.389814] ACPI: bus type USB registered
[    0.390222] usbcore: registered new interface driver usbfs
[    0.390729] usbcore: registered new interface driver hub
[    0.391244] usbcore: registered new device driver usb
[    0.391802] PCI: Using ACPI for IRQ routing
[    0.392331] NetLabel: Initializing
[    0.392688] NetLabel:  domain hash size = 128
[    0.393102] NetLabel:  protocols = UNLABELED CIPSOv4
[    0.393561] NetLabel:  unlabeled traffic allowed by default
[    0.394092] amd_nb: Cannot enumerate AMD northbridges
[    0.394823] clocksource: Switched to clocksource kvm-clock
[    0.398264] AppArmor: AppArmor Filesystem Enabled
[    0.398736] pnp: PnP ACPI init
[    0.399377] pnp: PnP ACPI: found 3 devices
[    0.405579] clocksource: acpi_pm: mask: 0xffffff max_cycles: 0xffffff, max_idle_ns: 2085701024 ns
[    0.406435] NET: Registered protocol family 2
[    0.406939] TCP established hash table entries: 32768 (order: 6, 262144 bytes)
[    0.407673] TCP bind hash table entries: 32768 (order: 7, 524288 bytes)
[    0.408506] TCP: Hash tables configured (established 32768 bind 32768)
[    0.409068] UDP hash table entries: 2048 (order: 4, 65536 bytes)
[    0.409591] UDP-Lite hash table entries: 2048 (order: 4, 65536 bytes)
[    0.410157] NET: Registered protocol family 1
[    0.410584] pci 0000:00:00.0: Limiting direct PCI/PCI transfers
[    0.411113] pci 0000:00:01.0: Activating ISA DMA hang workarounds
[    0.411696] Unpacking initramfs...
[    0.523474] Freeing initrd memory: 14888K
[    0.524005] PCI-DMA: Using software bounce buffering for IO (SWIOTLB)
[    0.524561] software IO TLB: mapped [mem 0xdbff0000-0xdfff0000] (64MB)
[    0.525147] clocksource: tsc: mask: 0xffffffffffffffff max_cycles: 0x2df10c66ae4, max_idle_ns: 440795251289 ns
[    0.526058] platform rtc_cmos: registered platform RTC device (no PNP device found)
[    0.526804] Scanning for low memory corruption every 60 seconds
[    0.527583] audit: initializing netlink subsys (disabled)
[    0.528083] audit: type=2000 audit(1737339456.725:1): initialized
[    0.528734] Initialise system trusted keyring
[    0.529263] HugeTLB registered 2 MB page size, pre-allocated 0 pages
[    0.530298] zbud: loaded
[    0.530812] VFS: Disk quotas dquot_6.6.0
[    0.531224] VFS: Dquot-cache hash table entries: 512 (order 0, 4096 bytes)
[    0.531881] squashfs: version 4.0 (2009/01/31) Phillip Lougher
[    0.532528] fuse init (API version 7.23)
[    0.533022] Key type big_key registered
[    0.533414] Allocating IMA MOK and blacklist keyrings.
[    0.534488] Key type asymmetric registered
[    0.534961] Asymmetric key parser 'x509' registered
[    0.535429] Block layer SCSI generic (bsg) driver version 0.4 loaded (major 249)
[    0.536235] io scheduler noop registered
[    0.536624] io scheduler deadline registered (default)
[    0.537106] io scheduler cfq registered
[    0.537534] pci_hotplug: PCI Hot Plug PCI Core version: 0.5
[    0.538028] pciehp: PCI Express Hot Plug Controller Driver version: 0.4
[    0.538647] ACPI: AC Adapter [AC] (on-line)
[    0.539076] input: Power Button as /devices/LNXSYSTM:00/LNXPWRBN:00/input/input0
[    0.539804] ACPI: Power Button [PWRF]
[    0.540197] input: Sleep Button as /devices/LNXSYSTM:00/LNXSLPBN:00/input/input1
[    0.540933] ACPI: Sleep Button [SLPF]
[    0.541415] GHES: HEST is not enabled!
[    0.541888] Serial: 8250/16550 driver, 32 ports, IRQ sharing enabled
[    0.562642] 00:02: ttyS0 at I/O 0x3f8 (irq = 4, base_baud = 115200) is a 16550A
[    0.564286] Linux agpgart interface v0.103
[    0.565403] loop: module loaded
[    0.565986] scsi host0: ata_piix
[    0.566394] scsi host1: ata_piix
[    0.566749] ata1: PATA max UDMA/33 cmd 0x1f0 ctl 0x3f6 bmdma 0xd000 irq 14
[    0.567337] ata2: PATA max UDMA/33 cmd 0x170 ctl 0x376 bmdma 0xd008 irq 15
[    0.567950] libphy: Fixed MDIO Bus: probed
[    0.568354] tun: Universal TUN/TAP device driver, 1.6
[    0.568817] tun: (C) 1999-2004 Max Krasnyansky <maxk@qualcomm.com>
[    0.569471] PPP generic driver version 2.4.2
[    0.570015] ehci_hcd: USB 2.0 'Enhanced' Host Controller (EHCI) Driver
[    0.570584] ehci-pci: EHCI PCI platform driver
[    0.571013] ehci-platform: EHCI generic platform driver
[    0.571485] ohci_hcd: USB 1.1 'Open' Host Controller (OHCI) Driver
[    0.572015] ohci-pci: OHCI PCI platform driver
[    0.572438] ohci-platform: OHCI generic platform driver
[    0.572908] uhci_hcd: USB Universal Host Controller Interface driver
[    0.573469] i8042: PNP: PS/2 Controller [PNP0303:PS2K,PNP0f03:PS2M] at 0x60,0x64 irq 1,12
[    0.574545] serio: i8042 KBD port at 0x60,0x64 irq 1
[    0.575005] serio: i8042 AUX port at 0x60,0x64 irq 12
[    0.575522] mousedev: PS/2 mouse device common for all mice
[    0.576142] input: AT Translated Set 2 keyboard as /devices/platform/i8042/serio0/input/input2
[    0.577134] rtc_cmos rtc_cmos: rtc core: registered rtc_cmos as rtc0
[    0.577706] rtc_cmos rtc_cmos: alarms up to one day, 114 bytes nvram
[    0.578248] i2c /dev entries driver
[    0.578626] device-mapper: uevent: version 1.0.3
[    0.579095] device-mapper: ioctl: 4.34.0-ioctl (2015-10-28) initialised: dm-devel@redhat.com
[    0.579887] ledtrig-cpu: registered to indicate activity on CPUs
[    0.580564] NET: Registered protocol family 10
[    0.581057] NET: Registered protocol family 17
[    0.581483] Key type dns_resolver registered
[    0.582015] registered taskstats version 1
[    0.582422] Loading compiled-in X.509 certificates
[    0.583092] Loaded X.509 cert 'Build time autogenerated kernel key: cf00e047681d67edb2720680708b7d9498083038'
[    0.583981] zswap: loaded using pool lzo/zbud
[    0.585121] Key type trusted registered
[    0.586582] Key type encrypted registered
[    0.586987] AppArmor: AppArmor sha1 policy hashing enabled
[    0.587473] ima: No TPM chip found, activating TPM-bypass!
[    0.587962] ima: Allocated hash algorithm: sha1
[    0.588394] evm: HMAC attrs: 0x1
[    0.588863]   Magic number: 9:400:258
[    0.589272] rtc_cmos rtc_cmos: setting system clock to 2025-01-20 02:17:32 UTC (1737339452)
[    0.590096] BIOS EDD facility v0.16 2004-Jun-25, 0 devices found
[    0.590617] EDD information not available.
[    1.137315] Freeing unused kernel memory: 1492K
[    1.137849] Write protecting the kernel read-only data: 14336k
[    1.138675] Freeing unused kernel memory: 1584K
[    1.139155] Freeing unused kernel memory: 52K
Loading, please wait...
starting version 229
[    1.145170] random: systemd-udevd: uninitialized urandom read (16 bytes read, 4 bits of entropy available)
[    1.145474] random: udevadm: uninitialized urandom read (16 bytes read, 4 bits of entropy available)
[    1.145485] random: udevadm: uninitialized urandom read (16 bytes read, 4 bits of entropy available)
[    1.147772] random: systemd-udevd: uninitialized urandom read (16 bytes read, 4 bits of entropy available)
[    1.148644] random: systemd-udevd: uninitialized urandom read (16 bytes read, 4 bits of entropy available)
[    1.148668] random: udevadm: uninitialized urandom read (16 bytes read, 4 bits of entropy available)
[    1.148690] random: udevadm: uninitialized urandom read (16 bytes read, 4 bits of entropy available)
[    1.148749] random: udevadm: uninitialized urandom read (16 bytes read, 4 bits of entropy available)
[    1.148769] random: udevadm: uninitialized urandom read (16 bytes read, 4 bits of entropy available)
[    1.148790] random: udevadm: uninitialized urandom read (16 bytes read, 4 bits of entropy available)
[    1.167626] e1000: Intel(R) PRO/1000 Network Driver - version 7.3.21-k8-NAPI
[    1.168234] e1000: Copyright (c) 1999-2006 Intel Corporation.
[    1.170795] Fusion MPT base driver 3.04.20
[    1.171220] Copyright (c) 1999-2008 LSI Corporation
[    1.173135] Fusion MPT SPI Host driver 3.04.20
[    1.177692] AVX2 version of gcm_enc/dec engaged.
[    1.178144] AES CTR mode by8 optimization enabled
[    1.388353] input: ImExPS/2 Generic Explorer Mouse as /devices/platform/i8042/serio1/input/input4
[    1.478433] e1000 0000:00:03.0 eth0: (PCI:33MHz:32-bit) 02:be:82:6b:cc:1d
[    1.479135] e1000 0000:00:03.0 eth0: Intel(R) PRO/1000 Network Connection
[    1.480095] mptbase: ioc0: Initiating bringup
[    2.740561] ioc0: LSI53C1030 A0: Capabilities={Initiator}
[    5.143867] scsi host2: ioc0: LSI53C1030 A0, FwRev=00000000h, Ports=1, MaxQ=256, IRQ=20
[    7.189275] scsi 2:0:0:0: Direct-Access     VBOX     HARDDISK         1.0  PQ: 0 ANSI: 5
[    7.193590] scsi target2:0:0: Beginning Domain Validation
[    7.198729] scsi target2:0:0: Domain Validation skipping write tests
[    7.200680] scsi target2:0:0: Ending Domain Validation
[    7.202092] scsi target2:0:0: asynchronous
[    7.203346] scsi 2:0:1:0: Direct-Access     VBOX     HARDDISK         1.0  PQ: 0 ANSI: 5
[    7.204981] scsi target2:0:1: Beginning Domain Validation
[    7.206270] scsi target2:0:1: Domain Validation skipping write tests
[    7.207112] scsi target2:0:1: Ending Domain Validation
[    7.207786] scsi target2:0:1: asynchronous
[    7.210122] sd 2:0:0:0: Attached scsi generic sg0 type 0
[    7.210635] sd 2:0:0:0: [sda] 83886080 512-byte logical blocks: (42.9 GB/40.0 GiB)
[    7.211587] sd 2:0:0:0: [sda] Write Protect is off
[    7.211594] sd 2:0:1:0: Attached scsi generic sg1 type 0
[    7.212533] sd 2:0:1:0: [sdb] 20480 512-byte logical blocks: (10.5 MB/10.0 MiB)
[    7.213342] sd 2:0:0:0: [sda] Incomplete mode parameter data
[    7.213867] sd 2:0:0:0: [sda] Assuming drive cache: write through
[    7.214400] sd 2:0:1:0: [sdb] Write Protect is off
[    7.214957] sd 2:0:1:0: [sdb] Incomplete mode parameter data
[    7.215472] sd 2:0:1:0: [sdb] Assuming drive cache: write through
[    7.216825]  sda: sda1
[    7.217544] sd 2:0:0:0: [sda] Attached SCSI disk
[    7.218017] sd 2:0:1:0: [sdb] Attached SCSI disk
[    8.159548] e1000 0000:00:08.0 eth1: (PCI:33MHz:32-bit) 08:00:27:a5:32:d9
[    8.160324] e1000 0000:00:08.0 eth1: Intel(R) PRO/1000 Network Connection
[    8.161584] e1000 0000:00:03.0 enp0s3: renamed from eth0
[    8.174929] e1000 0000:00:08.0 enp0s8: renamed from eth1
Begin: Loading essential drivers ... [    9.375210] md: linear personality registered for level -1
[    9.376850] md: multipath personality registered for level -4
[    9.378364] md: raid0 personality registered for level 0
[    9.380405] md: raid1 personality registered for level 1
[    9.446830] raid6: sse2x1   gen() 29184 MB/s
[    9.514828] raid6: sse2x1   xor() 19426 MB/s
[    9.582825] raid6: sse2x2   gen() 38082 MB/s
[    9.650832] raid6: sse2x2   xor() 22737 MB/s
[    9.718874] raid6: sse2x4   gen() 39172 MB/s
[    9.786835] raid6: sse2x4   xor() 15163 MB/s
[    9.854829] raid6: avx2x1   gen() 46313 MB/s
[    9.922828] raid6: avx2x2   gen() 49832 MB/s
[    9.990829] raid6: avx2x4   gen() 51355 MB/s
[    9.991246] raid6: using algorithm avx2x4 gen() 51355 MB/s
[    9.991733] raid6: using avx2x2 recovery algorithm
[    9.992710] xor: automatically using best checksumming function:
[   10.066839]    avx       : 156256.000 MB/sec
[   10.067905] async_tx: api initialized (async)
[   10.072595] md: raid6 personality registered for level 6
[   10.073121] md: raid5 personality registered for level 5
[   10.073608] md: raid4 personality registered for level 4
[   10.076677] md: raid10 personality registered for level 10
done.
Begin: Running /scripts/init-premount ... done.
Begin: Mounting root file system ... Begin: Running /scripts/local-top ... done.
Begin: Running /scripts/local-premount ... [   10.089799] Btrfs loaded
Scanning for Btrfs filesystems
done.
Warning: fsck not present, so skipping root file system
[   10.101777] EXT4-fs (sda1): mounted filesystem with ordered data mode. Opts: (null)
done.
Begin: Running /scripts/local-bottom ... done.
Begin: Running /scripts/init-bottom ... done.
[   10.133514] systemd[1]: systemd 229 running in system mode. (+PAM +AUDIT +SELINUX +IMA +APPARMOR +SMACK +SYSVINIT +UTMP +LIBCRYPTSETUP +GCRYPT +GNUTLS +ACL +XZ -LZ4 +SECCOMP +BLKID +ELFUTILS +KMOD -IDN)
[   10.135139] systemd[1]: Detected virtualization oracle.
[   10.135970] systemd[1]: Detected architecture x86-64.

Welcome to [1mUbuntu 16.04.7 LTS[0m!

[   10.137528] systemd[1]: Set hostname to <ubuntu>.
[   10.138617] systemd[1]: Initializing machine ID from random generator.
[   10.139190] systemd[1]: Installed transient /etc/machine-id file.
[   10.194813] systemd[1]: Listening on LVM2 metadata daemon socket.
[[0;32m  OK  [0m] Listening on LVM2 metadata daemon socket.
[   10.195832] systemd[1]: Reached target User and Group Name Lookups.
[[0;32m  OK  [0m] Reached target User and Group Name Lookups.
[   10.196807] systemd[1]: Listening on udev Kernel Socket.
[[0;32m  OK  [0m] Listening on udev Kernel Socket.
[   10.197793] systemd[1]: Created slice User and Session Slice.
[[0;32m  OK  [0m] Created slice User and Session Slice.
[   10.198755] systemd[1]: Set up automount Arbitrary Executable File Formats File System Automount Point.
[[0;32m  OK  [0m] Set up automount Arbitrary Executab...ats File System Automount Point.
[   10.200169] systemd[1]: Listening on /dev/initctl Compatibility Named Pipe.
[[0;32m  OK  [0m] Listening on /dev/initctl Compatibility Named Pipe.
[   10.201201] systemd[1]: Reached target Swap.
[[0;32m  OK  [0m] Reached target Swap.
[   10.201965] systemd[1]: Listening on udev Control Socket.
[[0;32m  OK  [0m] Listening on udev Control Socket.
[   10.202851] systemd[1]: Listening on LVM2 poll daemon socket.
[[0;32m  OK  [0m] Listening on LVM2 poll daemon socket.
[   10.203770] systemd[1]: Listening on Device-mapper event daemon FIFOs.
[[0;32m  OK  [0m] Listening on Device-mapper event daemon FIFOs.
[   10.204768] systemd[1]: Listening on Syslog Socket.
[[0;32m  OK  [0m] Listening on Syslog Socket.
[   10.205678] systemd[1]: Created slice System Slice.
[[0;32m  OK  [0m] Created slice System Slice.
[   10.206503] systemd[1]: Reached target Slices.
[[0;32m  OK  [0m] Reached target Slices.
[   10.207304] systemd[1]: Listening on Journal Audit Socket.
[[0;32m  OK  [0m] Listening on Journal Audit Socket.
[   10.208198] systemd[1]: Started Forward Password Requests to Wall Directory Watch.
[[0;32m  OK  [0m] Started Forward Password Requests to Wall Directory Watch.
[   10.209415] systemd[1]: Listening on Journal Socket.
[[0;32m  OK  [0m] Listening on Journal Socket.
[   10.218906] systemd[1]: Mounting POSIX Message Queue File System...
         Mounting POSIX Message Queue File System...
[   10.220092] systemd[1]: Starting Monitoring of LVM2 mirrors, snapshots etc. using dmeventd or progress polling...
         Starting Monitoring of LVM2 mirrors... dmeventd or progress polling...
[   10.221726] systemd[1]: Mounting Debug File System...
         Mounting Debug File System...
[   10.222827] systemd[1]: Starting Nameserver information manager...
         Starting Nameserver information manager...
[   10.223996] systemd[1]: Starting Uncomplicated firewall...
         Starting Uncomplicated firewall...
[   10.225391] systemd[1]: Mounting Huge Pages File System...
         Mounting Huge Pages File System...
[   10.226721] systemd[1]: Starting Create list of required static device nodes for the current kernel...
         Starting Create list of required st... nodes for the current kernel...
[   10.228348] systemd[1]: Started Trigger resolvconf update for networkd DNS.
[[0;32m  OK  [0m] Started Trigger resolvconf update for networkd DNS.
[   10.230369] systemd[1]: Starting Load Kernel Modules...
         Starting Load Kernel Modules...
[   10.231195] systemd[1]: Listening on Journal Socket (/dev/log).
[[0;32m  OK  [0m] Listening on Journal Socket (/dev/log).
[   10.232372] systemd[1]: Starting Journal Service...
         Starting Journal Service...
[   10.233376] systemd[1]: Starting Set console keymap...
         Starting Set console keymap...
[   10.234201] systemd[1]: Listening on fsck to fsckd communication Socket.
[[0;32m  OK  [0m] Listening on fsck to fsckd communication Socket.
[   10.235744] systemd[1]: Starting File System Check on Root Device...
         Starting File System Check on Root Device...
[   10.236789] systemd[1]: Created slice system-serial\x2dgetty.slice.
[[0;32m  OK  [0m] Created slice system-serial\x2dgetty.slice.
[   10.237751] systemd[1]: Reached target System Time Synchronized.
[[0;32m  OK  [0m] Reached target System Time Synchronized.
[   10.238671] systemd[1]: Reached target Encrypted Volumes.
[[0;32m  OK  [0m] Reached target Encrypted Volumes.
[   10.240449] systemd[1]: Mounted Huge Pages File System.
[[0;32m  OK  [0m] Mounted Huge Pages File System.
[   10.241315] systemd[1]: Mounted POSIX Message Queue File System.
[[0;32m  OK  [0m] Mounted POSIX Message Queue File System.
[   10.242242] systemd[1]: Mounted Debug File System.
[[0;32m  OK  [0m] Mounted Debug File System.
[   10.243060] systemd[1]: Started Journal Service.
[[0;32m  OK  [0m] Started Journal Service.
[[0;32m  OK  [0m] Started Uncomplicated firewall.
[[0;32m  OK  [0m] Started Create list of required sta...ce nodes for the current kernel.
[[0;32m  OK  [0m] Started Nameserver information manager.
[[0;32m  OK  [0m] Started File System Check Daemon to report status.
[[0;32m  OK  [0m] Started LVM2 metadata daemon.
         Starting Create Static Device Nodes in /dev...
[   10.252199] Loading iSCSI transport class v2.0-870.
[   10.255771] iscsi: registered transport (tcp)
[[0;32m  OK  [0m] Started Create Static Device Nodes in /dev.
         Starting udev Kernel Device Manager...
[[0;32m  OK  [0m] Started File System Check on Root Device.
         Starting Remount Root and Kernel File Systems...
[   10.260763] EXT4-fs (sda1): re-mounted. Opts: (null)
[[0;32m  OK  [0m] Started Remount Root and Kernel File Systems.
         Starting udev Coldplug all Devices...
         Starting Load/Save Random Seed...
         Starting Flush Journal to Persistent Storage...
[[0;32m  OK  [0m] Started Set console keymap.
[[0;32m  OK  [0m] Started Load/Save Random Seed.
[   10.270355] systemd-journald[394]: Received request to flush runtime journal from PID 1
[[0;32m  OK  [0m] Started Flush Journal to Persistent Storage.
[[0;32m  OK  [0m] Started udev Kernel Device Manager.
[   10.284405] iscsi: registered transport (iser)
[[0;32m  OK  [0m] Started Load Kernel Modules.
         Mounting FUSE Control File System...
         Starting Apply Kernel Variables...
[[0;32m  OK  [0m] Started udev Coldplug all Devices.
[[0;32m  OK  [0m] Started Dispatch Password Requests to Console Directory Watch.
[[0;32m  OK  [0m] Started Apply Kernel Variables.
[[0;32m  OK  [0m] Mounted FUSE Control File System.
[[0;32m  OK  [0m] Found device /dev/ttyS0.
[[0;32m  OK  [0m] Listening on Load/Save RF Kill Switch Status /dev/rfkill Watch.
[[0;32m  OK  [0m] Started Monitoring of LVM2 mirrors,...ng dmeventd or progress polling.
[[0;32m  OK  [0m] Reached target Local File Systems (Pre).
[[0;32m  OK  [0m] Reached target Local File Systems.
         Starting Create Volatile Files and Directories...
         Starting Initial cloud-init job (pre-networking)...
         Starting Tell Plymouth To Write Out Runtime Data...
         Starting Set console font and keymap...
         Starting Commit a transient machine-id on disk...
         Starting LSB: AppArmor initialization...
[[0;32m  OK  [0m] Started Create Volatile Files and Directories.
[[0;32m  OK  [0m] Started Tell Plymouth To Write Out Runtime Data.
         Starting Update UTMP about System Boot/Shutdown...
[[0;32m  OK  [0m] Started Update UTMP about System Boot/Shutdown.
[[0;32m  OK  [0m] Started Commit a transient machine-id on disk.
[[0;32m  OK  [0m] Started LSB: AppArmor initialization.
[[0;32m  OK  [0m] Started Set console font and keymap.
[[0;32m  OK  [0m] Created slice system-getty.slice.
         Starting Load AppArmor profiles managed internally by snapd...
[[0;32m  OK  [0m] Started Load AppArmor profiles managed internally by snapd.
[   10.838357] cloud-init[618]: Cloud-init v. 21.1-19-gbad84ad4-0ubuntu1~16.04.2 running 'init-local' at Mon, 20 Jan 2025 02:17:42 +0000. Up 10.65 seconds.
[[0;32m  OK  [0m] Started Initial cloud-init job (pre-networking).
[[0;32m  OK  [0m] Reached target Network (Pre).
         Starting Raise network interfaces...
[[0;32m  OK  [0m] Started Raise network interfaces.
[[0;32m  OK  [0m] Reached target Network.
         Starting Initial cloud-init job (metadata service crawler)...
[   11.286729] cloud-init[965]: Cloud-init v. 21.1-19-gbad84ad4-0ubuntu1~16.04.2 running 'init' at Mon, 20 Jan 2025 02:17:43 +0000. Up 11.06 seconds.
[   11.287485] cloud-init[965]: ci-info: ++++++++++++++++++++++++++++++++++++++Net device info+++++++++++++++++++++++++++++++++++++++
[   11.288114] cloud-init[965]: ci-info: +--------+-------+----------------------------+---------------+--------+-------------------+
[   11.288721] cloud-init[965]: ci-info: | Device |   Up  |          Address           |      Mask     | Scope  |     Hw-Address    |
[   11.289335] cloud-init[965]: ci-info: +--------+-------+----------------------------+---------------+--------+-------------------+
[   11.289950] cloud-init[965]: ci-info: | enp0s3 |  True |         10.0.2.15          | 255.255.255.0 | global | 02:be:82:6b:cc:1d |
[   11.290562] cloud-init[965]: ci-info: | enp0s3 |  True | fe80::be:82ff:fe6b:cc1d/64 |       .       |  link  | 02:be:82:6b:cc:1d |
[   11.291201] cloud-init[965]: ci-info: | enp0s8 | False |             .              |       .       |   .    | 08:00:27:a5:32:d9 |
[   11.291834] cloud-init[965]: ci-info: |   lo   |  True |         127.0.0.1          |   255.0.0.0   |  host  |         .         |
[   11.292467] cloud-init[965]: ci-info: |   lo   |  True |          ::1/128           |       .       |  host  |         .         |
[   11.293099] cloud-init[965]: ci-info: +--------+-------+----------------------------+---------------+--------+-------------------+
[   11.293731] cloud-init[965]: ci-info: +++++++++++++++++++++++++++Route IPv4 info++++++++++++++++++++++++++++
[   11.294289] cloud-init[965]: ci-info: +-------+-------------+----------+---------------+-----------+-------+
[   11.294850] cloud-init[965]: ci-info: | Route | Destination | Gateway  |    Genmask    | Interface | Flags |
[   11.295406] cloud-init[965]: ci-info: +-------+-------------+----------+---------------+-----------+-------+
[   11.295960] cloud-init[965]: ci-info: |   0   |   0.0.0.0   | 10.0.2.2 |    0.0.0.0    |   enp0s3  |   UG  |
[   11.296586] cloud-init[965]: ci-info: |   1   |   10.0.2.0  | 0.0.0.0  | 255.255.255.0 |   enp0s3  |   U   |
[   11.297133] cloud-init[965]: ci-info: +-------+-------------+----------+---------------+-----------+-------+
[   11.297666] cloud-init[965]: ci-info: +++++++++++++++++++Route IPv6 info+++++++++++++++++++
[   11.298136] cloud-init[965]: ci-info: +-------+-------------+---------+-----------+-------+
[   11.298604] cloud-init[965]: ci-info: | Route | Destination | Gateway | Interface | Flags |
[   11.299076] cloud-init[965]: ci-info: +-------+-------------+---------+-----------+-------+
[   11.299537] cloud-init[965]: ci-info: |   0   |  fe80::/64  |    ::   |   enp0s3  |   U   |
[   11.300025] cloud-init[965]: ci-info: |   3   |   ff00::/8  |    ::   |   enp0s3  |   U   |
[   11.300497] cloud-init[965]: ci-info: +-------+-------------+---------+-----------+-------+
[   11.300965] cloud-init[965]: Generating public/private rsa key pair.
[   11.301361] cloud-init[965]: Your identification has been saved in /etc/ssh/ssh_host_rsa_key.
[   11.301840] cloud-init[965]: Your public key has been saved in /etc/ssh/ssh_host_rsa_key.pub.
[   11.302319] cloud-init[965]: The key fingerprint is:
[   11.302655] cloud-init[965]: SHA256:Xnh628NX/hnUifG7ntOMieTrqFheQM7RAmo+mBIOJMI root@ubuntu-xenial
[   11.303157] cloud-init[965]: The key's randomart image is:
[   11.303513] cloud-init[965]: +---[RSA 2048]----+
[   11.303843] cloud-init[965]: |+.    .          |
[   11.304174] cloud-init[965]: |+E   . . .       |
[   11.304500] cloud-init[965]: |o   o   + .  .   |
[   11.304825] cloud-init[965]: |o. =   + +    + o|
[   11.305150] cloud-init[965]: |..o o   S o  . +.|
[   11.305474] cloud-init[965]: | .   . . =  . . o|
[   11.305800] cloud-init[965]: |        + o+ . O.|
[   11.306132] cloud-init[965]: |       + o += +.O|
[   11.306458] cloud-init[965]: |      . o.o.++.=+|
[   11.306780] cloud-init[965]: +----[SHA256]-----+
[   11.307103] cloud-init[965]: Generating public/private dsa key pair.
[   11.307497] cloud-init[965]: Your identification has been saved in /etc/ssh/ssh_host_dsa_key.
[   11.307979] cloud-init[965]: Your public key has been saved in /etc/ssh/ssh_host_dsa_key.pub.
[   11.308475] cloud-init[965]: The key fingerprint is:
[   11.308813] cloud-init[965]: SHA256:B8+Hisp22Bvm1LMgJWByuEpJYgv5PVMPysEIrLB8l+Y root@ubuntu-xenial
[   11.309308] cloud-init[965]: The key's randomart image is:
[   11.309667] cloud-init[965]: +---[DSA 1024]----+
[   11.309990] cloud-init[965]: |o                |
[   11.310310] cloud-init[965]: |.= o             |
[   11.310631] cloud-init[965]: |X+= o + .        |
[   11.310953] cloud-init[965]: |BBo= B o + .     |
[   11.311275] cloud-init[965]: |.+o @ . S = .    |
[   11.311598] cloud-init[965]: |o    E o o .     |
[   11.311924] cloud-init[965]: |.   .o* +        |
[   11.312256] cloud-init[965]: |   .o*oo o       |
[   11.312579] cloud-init[965]: |   .o.o..        |
[   11.312917] cloud-init[965]: +----[SHA256]-----+
[   11.313274] cloud-init[965]: Generating public/private ecdsa key pair.
[   11.313688] cloud-init[965]: Your identification has been saved in /etc/ssh/ssh_host_ecdsa_key.
[   11.314189] cloud-init[965]: Your public key has been saved in /etc/ssh/ssh_host_ecdsa_key.pub.
[   11.314701] cloud-init[965]: The key fingerprint is:
[   11.315056] cloud-init[965]: SHA256:HohrUwQhDt2YoGrGA1MMBE3N0y1jMuHxZp1AOqCG7gk root@ubuntu-xenial
[   11.315581] cloud-init[965]: The key's randomart image is:
[   11.315961] cloud-init[965]: +---[ECDSA 256]---+
[   11.316334] cloud-init[965]: |BO=*==o.         |
[   11.316672] cloud-init[965]: |o=*+B==o..       |
[   11.317018] cloud-init[965]: |*.. +==oo        |
[   11.317369] cloud-init[965]: |*.   * .         |
[   11.317711] cloud-init[965]: |E*  . o S        |
[   11.318058] cloud-init[965]: |= o  o . .       |
[   11.318402] cloud-init[965]: | o  +   .        |
[   11.318746] cloud-init[965]: |   . .           |
[   11.319087] cloud-init[965]: |                 |
[   11.319420] cloud-init[965]: +----[SHA256]-----+
[   11.319758] cloud-init[965]: Generating public/private ed25519 key pair.
[   11.320193] cloud-init[965]: Your identification has been saved in /etc/ssh/ssh_host_ed25519_key.
[   11.320711] cloud-init[965]: Your public key has been saved in /etc/ssh/ssh_host_ed25519_key.pub.
[   11.321239] cloud-init[965]: The key fingerprint is:
[   11.321580] cloud-init[965]: SHA256:eqHkuv2ZUQM3bC0/hQprUYTI9XLNMRYlzT4/6nS3DCA root@ubuntu-xenial
[   11.322087] cloud-init[965]: The key's randomart image is:
[   11.322465] cloud-init[965]: +--[ED25519 256]--+
[   11.332097] cloud-init[965]: |     . o.oo *=.  |
[   11.332195] cloud-init[965]: |      o .+ = =o  |
[   11.332410] cloud-init[965]: |        = O =..  |
[   11.332575] cloud-init[965]: |         X = .o  |
[   11.332883] cloud-init[965]: |      . SE+.o  o |
[   11.332977] cloud-init[965]: |     o + o.... ..|
[   11.333133] cloud-init[965]: |      + o    o..o|
[   11.333296] cloud-init[965]: |     o . +  ..+ o|
[   11.333457] cloud-init[965]: |    o...+   .. o |
[   11.333618] cloud-init[965]: +----[SHA256]-----+
[[0;32m  OK  [0m] Started Initial cloud-init job (metadata service crawler).
[[0;32m  OK  [0m] Reached target Network is Online.
         Starting iSCSI initiator daemon (iscsid)...
[[0;32m  OK  [0m] Reached target Cloud-config availability.
[[0;32m  OK  [0m] Reached target System Initialization.
[[0;32m  OK  [0m] Started Ubuntu Advantage update messaging.
         Starting Socket activation for snappy daemon.
[[0;32m  OK  [0m] Listening on ACPID Listen Socket.
[[0;32m  OK  [0m] Started Daily Cleanup of Temporary Directories.
[[0;32m  OK  [0m] Started Message of the Day.
[[0;32m  OK  [0m] Listening on D-Bus System Message Bus Socket.
         Starting LXD - unix socket.
[[0;32m  OK  [0m] Started Daily apt download activities.
[[0;32m  OK  [0m] Started ACPI Events Check.
[[0;32m  OK  [0m] Reached target Paths.
[[0;32m  OK  [0m] Listening on UUID daemon activation socket.
[[0;32m  OK  [0m] Started Daily apt upgrade and clean activities.
[[0;32m  OK  [0m] Reached target Timers.
[[0;32m  OK  [0m] Listening on Socket activation for snappy daemon.
[[0;32m  OK  [0m] Listening on LXD - unix socket.
[[0;32m  OK  [0m] Reached target Sockets.
[[0;32m  OK  [0m] Reached target Basic System.
         Starting Pollinate to seed the pseudo random number generator...
[[0;32m  OK  [0m] Started Regular background program processing daemon.
[[0;32m  OK  [0m] Started Deferred execution scheduler.
[[0;32m  OK  [0m] Started D-Bus System Message Bus.
         Starting Accounts Service...
         Starting Login Service...
[[0;32m  OK  [0m] Started FUSE filesystem for LXC.
         Starting /etc/rc.local Compatibility...
         Starting LSB: MD monitoring daemon...
         Starting LSB: Record successful boot for GRUB...
         Starting Virtualbox guest utils...
         Starting Snap Daemon...
[[0;32m  OK  [0m] Started ACPI event daemon.
         Starting System Logging Service...
         Starting LXD - container startup/shutdown...
[[0;32m  OK  [0m] Started iSCSI initiator daemon (iscsid).
[[0;32m  OK  [0m] Started /etc/rc.local Compatibility.
         Starting Login to default iSCSI targets...
[[0;32m  OK  [0m] Started System Logging Service.
[[0;32m  OK  [0m] Started Login Service.
[[0;32m  OK  [0m] Started Unattended Upgrades Shutdown.
[[0;32m  OK  [0m] Started Login to default iSCSI targets.
[[0;32m  OK  [0m] Reached target Remote File Systems (Pre).
[[0;32m  OK  [0m] Reached target Remote File Systems.
         Starting LSB: automatic crash report generation...
         Starting LSB: daemon to balance interrupts for SMP systems...
         Starting LSB: Set the CPU Frequency Scaling governor to "ondemand"...
         Starting Permit User Sessions...
[[0;32m  OK  [0m] Started Permit User Sessions.
         Starting Terminate Plymouth Boot Screen...
         Starting Hold until boot process finishes up...
[[0;32m  OK  [0m] Started Hold until boot process finishes up.
[[0;32m  OK  [0m] Started Serial Getty on ttyS0.
         Starting Set console scheme...
[[0;32m  OK  [0m] Started Getty on tty1.
[[0;32m  OK  [0m] Reached target Login Prompts.
[[0;32m  OK  [0m] Started LSB: MD monitoring daemon.
[[0;32m  OK  [0m] Started LSB: Record successful boot for GRUB.
[[0;32m  OK  [0m] Started Terminate Plymouth Boot Screen.
[[0;32m  OK  [0m] Started Set console scheme.
         Starting Authenticate and Authorize Users to Run Privileged Tasks...
[[0;32m  OK  [0m] Started LSB: Set the CPU Frequency Scaling governor to "ondemand".
[[0;32m  OK  [0m] Started Authenticate and Authorize Users to Run Privileged Tasks.
[[0;32m  OK  [0m] Started Accounts Service.
[[0;32m  OK  [0m] Started LSB: automatic crash report generation.
[[0;32m  OK  [0m] Started LSB: daemon to balance interrupts for SMP systems.
[[0;32m  OK  [0m] Started Virtualbox guest utils.
[[0;32m  OK  [0m] Started LXD - container startup/shutdown.
[[0;32m  OK  [0m] Started Snap Daemon.
         Starting Wait until snapd is fully seeded...

Ubuntu 16.04.7 LTS ubuntu-xenial ttyS0

ubuntu-xenial login: [   46.143685] cloud-init[2139]: Generating locales (this might take a while)...
[   46.360491] cloud-init[2139]:   en_US.UTF-8... done
[   46.361115] cloud-init[2139]: Generation complete.
[   46.466787] cloud-init[2139]: Cloud-init v. 21.1-19-gbad84ad4-0ubuntu1~16.04.2 running 'modules:config' at Mon, 20 Jan 2025 02:18:18 +0000. Up 46.11 seconds.
ci-info: no authorized SSH keys fingerprints found for user ubuntu.
<14>Jan 20 02:18:18 ec2: 
<14>Jan 20 02:18:18 ec2: #############################################################
<14>Jan 20 02:18:18 ec2: -----BEGIN SSH HOST KEY FINGERPRINTS-----
<14>Jan 20 02:18:18 ec2: 1024 SHA256:B8+Hisp22Bvm1LMgJWByuEpJYgv5PVMPysEIrLB8l+Y root@ubuntu-xenial (DSA)
<14>Jan 20 02:18:18 ec2: 256 SHA256:HohrUwQhDt2YoGrGA1MMBE3N0y1jMuHxZp1AOqCG7gk root@ubuntu-xenial (ECDSA)
<14>Jan 20 02:18:18 ec2: 256 SHA256:eqHkuv2ZUQM3bC0/hQprUYTI9XLNMRYlzT4/6nS3DCA root@ubuntu-xenial (ED25519)
<14>Jan 20 02:18:18 ec2: 2048 SHA256:Xnh628NX/hnUifG7ntOMieTrqFheQM7RAmo+mBIOJMI root@ubuntu-xenial (RSA)
<14>Jan 20 02:18:18 ec2: -----END SSH HOST KEY FINGERPRINTS-----
<14>Jan 20 02:18:18 ec2: #############################################################
-----BEGIN SSH HOST KEY KEYS-----
ecdsa-sha2-nistp256 AAAAE2VjZHNhLXNoYTItbmlzdHAyNTYAAAAIbmlzdHAyNTYAAABBBMg82jeOXHP9hBvWYEyeTp8B7CQ7RHk8Vpk5B2XIypgRWiBIg5kL6HhJEZhJ9JTeF2ePkjoj8w1t85v+vuz8bxE= root@ubuntu-xenial
ssh-ed25519 AAAAC3NzaC1lZDI1NTE5AAAAIJJZzsUUE3squ9turF5ftQulPwVfSDPpS4kybOM+yFEn root@ubuntu-xenial
ssh-rsa AAAAB3NzaC1yc2EAAAADAQABAAABAQC3iUddGVndjJF5CLg42qTIETPiwfY9VYzK3vlnCwprpsAn1/HtjX8r9QeEQiI5+ueEsVGCco5505H7EGoaiOcEtUUWoVntz5Y+khMqaB1V1X4d2xTQRJyDhQ5LhBfCaeQ8CbGKIkDL0jIZcNCgdcVdliAw3XLaZABp5OIs5bFjIDUXr0PZPcft2gLI0pato2GzWt2b29pwMzoOK6szBmeaY94gJEh6uQYLTI4EhRlnfiyTR0Z6VXY6oJk16fF+GWxY3VE+nzHpJp9RMC8oUtHx2KABY++00CtFr+vuiP3398Z4SW8fbuJKtMf/u4iFMwSmZSeSnDiSLBQsbfErMR43 root@ubuntu-xenial
-----END SSH HOST KEY KEYS-----
[   46.666896] cloud-init[2206]: Cloud-init v. 21.1-19-gbad84ad4-0ubuntu1~16.04.2 running 'modules:final' at Mon, 20 Jan 2025 02:18:18 +0000. Up 46.61 seconds.
[   46.667092] cloud-init[2206]: ci-info: no authorized SSH keys fingerprints found for user ubuntu.
[   46.667203] cloud-init[2206]: Cloud-init v. 21.1-19-gbad84ad4-0ubuntu1~16.04.2 finished at Mon, 20 Jan 2025 02:18:18 +0000. Datasource DataSourceNoCloud [seed=/dev/sdb][dsmode=net].  Up 46.66 seconds
